Arguments: 
  D:\nodejs\node.exe C:\Program Files (x86)\Yarn\bin\yarn.js install

PATH: 
  C:\Program Files (x86)\Common Files\Oracle\Java\javapath;C:\Program Files (x86)\Intel\iCLS Client\;C:\Program Files\Intel\iCLS Client\;C:\WINDOWS\system32;C:\WINDOWS;C:\WINDOWS\System32\Wbem;C:\WINDOWS\System32\WindowsPowerShell\v1.0\;C:\Program Files\Intel\WiFi\bin\;C:\Program Files\Common Files\Intel\WirelessCommon\;C:\Program Files (x86)\Intel\Intel(R) Management Engine Components\DAL;C:\Program Files\Intel\Intel(R) Management Engine Components\DAL;C:\Program Files (x86)\Intel\Intel(R) Management Engine Components\IPT;C:\Program Files\Intel\Intel(R) Management Engine Components\IPT;C:\Program Files (x86)\130\Tools\Binn\;C:\Program Files\Microsoft SQL Server\120\Tools\Binn\;C:\Program Files\Microsoft SQL Server\130\Tools\Binn\;C:\WINDOWS\System32\OpenSSH\;C:\Program Files\Java\jdk1.8.0_172;D:\Git\cmd;C:\Program Files\dotnet\;C:\Program Files (x86)\dotnet\;C:\Program Files\Microsoft SQL Server\Client SDK\ODBC\170\Tools\Binn\;C:\Program Files\dotnet\sdk];D:\nodejs\;C:\Program Files (x86)\Yarn\bin\;C:\Program Files\Microsoft SQL Server\Client SDK\ODBC\130\Tools\Binn\;C:\Program Files (x86)\Microsoft SQL Server\140\Tools\Binn\;C:\Program Files\Microsoft SQL Server\140\Tools\Binn\;C:\Program Files\Microsoft SQL Server\140\DTS\Binn\;C:\Program Files (x86)\Microsoft SQL Server\150\DTS\Binn\;C:\Users\NGO THI HUYEN\AppData\Local\Microsoft\WindowsApps;C:\Users\NGO THI HUYEN\.dotnet\tools;C:\Users\NGO THI HUYEN\AppData\Roaming\npm;C:\Users\NGO THI HUYEN\AppData\Local\Yarn\bin;C:\Users\NGO THI HUYEN\AppData\Local\Programs\Microsoft VS Code\bin;C:\Users\NGO THI HUYEN\AppData\Local\Microsoft\WindowsApps;C:\Users\NGO THI HUYEN\flutter\bin;C:\Users\NGO THI HUYEN\react-native\bin;C:\Users\NGO THI HUYEN\AppData\Local\Android\Sdk\platform-tools;

Yarn version: 
  1.16.0

Node version: 
  10.16.0

Platform: 
  win32 x64

Trace: 
  Error: https://registry.yarnpkg.com/react-native-maps/-/react-native-maps-0.24.2.tgz: unexpected end of file
      at Zlib.zlibOnError [as onerror] (zlib.js:162:17)

npm manifest: 
  {
    "main": "node_modules/expo/AppEntry.js",
    "scripts": {
      "start": "expo start",
      "android": "expo start --android",
      "ios": "expo start --ios",
      "web": "expo start --web",
      "eject": "expo eject"
    },
    "dependencies": {
      "accordion-collapse-react-native": "^0.1.11",
      "axios": "^0.19.0",
      "expo": "^33.0.0",
      "expo-font": "~5.0.1",
      "expo-permissions": "~5.0.1",
      "jwt-decode": "^2.2.0",
      "native-base": "2.12.1",
      "prop-types": "^15.7.2",
      "react": "16.8.3",
      "react-dom": "^16.8.6",
      "react-native": "https://github.com/expo/react-native/archive/sdk-33.0.0.tar.gz",
      "react-native-camera-roll-picker": "^1.3.0",
      "react-native-datepicker": "^1.7.2",
      "react-native-elements": "^1.1.0",
      "react-native-indicator": "^1.0.0",
      "react-native-keyboard-aware-scroll-view": "^0.8.0",
      "react-native-touchable-scale": "^2.0.0",
      "react-native-vector-icons": "^6.5.0",
      "react-native-web": "^0.11.4",
      "react-navigation": "^3.11.0",
      "react-number-format": "^4.0.8",
      "react-redux": "^7.1.0",
      "redux": "^4.0.1",
      "redux-thunk": "^2.3.0"
    },
    "devDependencies": {
      "babel-preset-expo": "^7.0.0"
    },
    "private": true
  }

yarn manifest: 
  No manifest

Lockfile: 
  No lockfile
